{"/home/critiq/development/critiqal/frontend/src/lib/telegram.ts": {"path":"/home/critiq/development/critiqal/frontend/src/lib/telegram.ts","statementMap":{"0":{"start":{"line":39,"column":2},"end":{"line":39,"column":null}},"1":{"start":{"line":43,"column":2},"end":{"line":43,"column":null}},"2":{"start":{"line":43,"column":28},"end":{"line":43,"column":null}},"3":{"start":{"line":44,"column":2},"end":{"line":44,"column":null}},"4":{"start":{"line":48,"column":13},"end":{"line":48,"column":null}},"5":{"start":{"line":49,"column":2},"end":{"line":49,"column":null}},"6":{"start":{"line":49,"column":11},"end":{"line":49,"column":null}},"7":{"start":{"line":51,"column":2},"end":{"line":51,"column":null}},"8":{"start":{"line":52,"column":2},"end":{"line":52,"column":null}},"9":{"start":{"line":54,"column":2},"end":{"line":58,"column":null}},"10":{"start":{"line":55,"column":4},"end":{"line":55,"column":null}},"11":{"start":{"line":60,"column":15},"end":{"line":60,"column":null}},"12":{"start":{"line":61,"column":2},"end":{"line":61,"column":null}},"13":{"start":{"line":62,"column":2},"end":{"line":62,"column":null}},"14":{"start":{"line":63,"column":2},"end":{"line":63,"column":null}},"15":{"start":{"line":64,"column":2},"end":{"line":64,"column":null}},"16":{"start":{"line":65,"column":2},"end":{"line":65,"column":null}},"17":{"start":{"line":66,"column":2},"end":{"line":66,"column":null}},"18":{"start":{"line":67,"column":2},"end":{"line":67,"column":null}},"19":{"start":{"line":68,"column":2},"end":{"line":68,"column":null}},"20":{"start":{"line":69,"column":2},"end":{"line":72,"column":null}},"21":{"start":{"line":75,"column":28},"end":{"line":134,"column":null}},"22":{"start":{"line":77,"column":4},"end":{"line":77,"column":null}},"23":{"start":{"line":77,"column":39},"end":{"line":77,"column":null}},"24":{"start":{"line":79,"column":15},"end":{"line":79,"column":null}},"25":{"start":{"line":80,"column":4},"end":{"line":82,"column":null}},"26":{"start":{"line":81,"column":6},"end":{"line":81,"column":null}},"27":{"start":{"line":84,"column":4},"end":{"line":92,"column":null}},"28":{"start":{"line":85,"column":6},"end":{"line":91,"column":null}},"29":{"start":{"line":86,"column":8},"end":{"line":90,"column":null}},"30":{"start":{"line":87,"column":10},"end":{"line":87,"column":null}},"31":{"start":{"line":89,"column":10},"end":{"line":89,"column":null}},"32":{"start":{"line":96,"column":4},"end":{"line":96,"column":null}},"33":{"start":{"line":96,"column":39},"end":{"line":96,"column":null}},"34":{"start":{"line":98,"column":15},"end":{"line":98,"column":null}},"35":{"start":{"line":99,"column":4},"end":{"line":102,"column":null}},"36":{"start":{"line":100,"column":6},"end":{"line":100,"column":null}},"37":{"start":{"line":101,"column":6},"end":{"line":101,"column":null}},"38":{"start":{"line":104,"column":4},"end":{"line":112,"column":null}},"39":{"start":{"line":105,"column":6},"end":{"line":111,"column":null}},"40":{"start":{"line":106,"column":8},"end":{"line":110,"column":null}},"41":{"start":{"line":107,"column":10},"end":{"line":107,"column":null}},"42":{"start":{"line":109,"column":10},"end":{"line":109,"column":null}},"43":{"start":{"line":116,"column":4},"end":{"line":116,"column":null}},"44":{"start":{"line":116,"column":39},"end":{"line":116,"column":null}},"45":{"start":{"line":118,"column":15},"end":{"line":118,"column":null}},"46":{"start":{"line":119,"column":4},"end":{"line":122,"column":null}},"47":{"start":{"line":120,"column":6},"end":{"line":120,"column":null}},"48":{"start":{"line":121,"column":6},"end":{"line":121,"column":null}},"49":{"start":{"line":124,"column":4},"end":{"line":132,"column":null}},"50":{"start":{"line":125,"column":6},"end":{"line":131,"column":null}},"51":{"start":{"line":126,"column":8},"end":{"line":130,"column":null}},"52":{"start":{"line":127,"column":10},"end":{"line":127,"column":null}},"53":{"start":{"line":129,"column":10},"end":{"line":129,"column":null}}},"fnMap":{"0":{"name":"isTelegramMiniApp","decl":{"start":{"line":38,"column":16},"end":{"line":38,"column":45}},"loc":{"start":{"line":38,"column":45},"end":{"line":40,"column":null}},"line":38},"1":{"name":"getTelegramWebApp","decl":{"start":{"line":42,"column":16},"end":{"line":42,"column":59}},"loc":{"start":{"line":42,"column":59},"end":{"line":45,"column":null}},"line":42},"2":{"name":"initTelegram","decl":{"start":{"line":47,"column":16},"end":{"line":47,"column":37}},"loc":{"start":{"line":47,"column":37},"end":{"line":73,"column":null}},"line":47},"3":{"name":"(anonymous_3)","decl":{"start":{"line":76,"column":2},"end":{"line":76,"column":6}},"loc":{"start":{"line":76,"column":43},"end":{"line":93,"column":null}},"line":76},"4":{"name":"(anonymous_4)","decl":{"start":{"line":84,"column":38},"end":{"line":84,"column":39}},"loc":{"start":{"line":84,"column":51},"end":{"line":92,"column":5}},"line":84},"5":{"name":"(anonymous_5)","decl":{"start":{"line":85,"column":35},"end":{"line":85,"column":36}},"loc":{"start":{"line":85,"column":51},"end":{"line":91,"column":7}},"line":85},"6":{"name":"(anonymous_6)","decl":{"start":{"line":95,"column":2},"end":{"line":95,"column":6}},"loc":{"start":{"line":95,"column":49},"end":{"line":113,"column":null}},"line":95},"7":{"name":"(anonymous_7)","decl":{"start":{"line":104,"column":29},"end":{"line":104,"column":30}},"loc":{"start":{"line":104,"column":50},"end":{"line":112,"column":5}},"line":104},"8":{"name":"(anonymous_8)","decl":{"start":{"line":105,"column":42},"end":{"line":105,"column":43}},"loc":{"start":{"line":105,"column":59},"end":{"line":111,"column":7}},"line":105},"9":{"name":"(anonymous_9)","decl":{"start":{"line":115,"column":2},"end":{"line":115,"column":9}},"loc":{"start":{"line":115,"column":37},"end":{"line":133,"column":null}},"line":115},"10":{"name":"(anonymous_10)","decl":{"start":{"line":124,"column":29},"end":{"line":124,"column":30}},"loc":{"start":{"line":124,"column":50},"end":{"line":132,"column":5}},"line":124},"11":{"name":"(anonymous_11)","decl":{"start":{"line":125,"column":38},"end":{"line":125,"column":39}},"loc":{"start":{"line":125,"column":56},"end":{"line":131,"column":7}},"line":125}},"branchMap":{"0":{"loc":{"start":{"line":39,"column":9},"end":{"line":39,"column":null}},"type":"binary-expr","locations":[{"start":{"line":39,"column":9},"end":{"line":39,"column":42}},{"start":{"line":39,"column":42},"end":{"line":39,"column":null}}],"line":39},"1":{"loc":{"start":{"line":43,"column":2},"end":{"line":43,"column":null}},"type":"if","locations":[{"start":{"line":43,"column":2},"end":{"line":43,"column":null}},{"start":{},"end":{}}],"line":43},"2":{"loc":{"start":{"line":44,"column":9},"end":{"line":44,"column":null}},"type":"binary-expr","locations":[{"start":{"line":44,"column":9},"end":{"line":44,"column":36}},{"start":{"line":44,"column":36},"end":{"line":44,"column":null}}],"line":44},"3":{"loc":{"start":{"line":49,"column":2},"end":{"line":49,"column":null}},"type":"if","locations":[{"start":{"line":49,"column":2},"end":{"line":49,"column":null}},{"start":{},"end":{}}],"line":49},"4":{"loc":{"start":{"line":77,"column":4},"end":{"line":77,"column":null}},"type":"if","locations":[{"start":{"line":77,"column":4},"end":{"line":77,"column":null}},{"start":{},"end":{}}],"line":77},"5":{"loc":{"start":{"line":80,"column":4},"end":{"line":82,"column":null}},"type":"if","locations":[{"start":{"line":80,"column":4},"end":{"line":82,"column":null}},{"start":{},"end":{}}],"line":80},"6":{"loc":{"start":{"line":86,"column":8},"end":{"line":90,"column":null}},"type":"if","locations":[{"start":{"line":86,"column":8},"end":{"line":90,"column":null}},{"start":{"line":88,"column":15},"end":{"line":90,"column":null}}],"line":86},"7":{"loc":{"start":{"line":86,"column":12},"end":{"line":86,"column":27}},"type":"binary-expr","locations":[{"start":{"line":86,"column":12},"end":{"line":86,"column":19}},{"start":{"line":86,"column":19},"end":{"line":86,"column":27}}],"line":86},"8":{"loc":{"start":{"line":96,"column":4},"end":{"line":96,"column":null}},"type":"if","locations":[{"start":{"line":96,"column":4},"end":{"line":96,"column":null}},{"start":{},"end":{}}],"line":96},"9":{"loc":{"start":{"line":99,"column":4},"end":{"line":102,"column":null}},"type":"if","locations":[{"start":{"line":99,"column":4},"end":{"line":102,"column":null}},{"start":{},"end":{}}],"line":99},"10":{"loc":{"start":{"line":106,"column":8},"end":{"line":110,"column":null}},"type":"if","locations":[{"start":{"line":106,"column":8},"end":{"line":110,"column":null}},{"start":{"line":108,"column":15},"end":{"line":110,"column":null}}],"line":106},"11":{"loc":{"start":{"line":106,"column":12},"end":{"line":106,"column":28}},"type":"binary-expr","locations":[{"start":{"line":106,"column":12},"end":{"line":106,"column":19}},{"start":{"line":106,"column":19},"end":{"line":106,"column":28}}],"line":106},"12":{"loc":{"start":{"line":107,"column":27},"end":{"line":107,"column":77}},"type":"cond-expr","locations":[{"start":{"line":107,"column":33},"end":{"line":107,"column":47}},{"start":{"line":107,"column":47},"end":{"line":107,"column":77}}],"line":107},"13":{"loc":{"start":{"line":116,"column":4},"end":{"line":116,"column":null}},"type":"if","locations":[{"start":{"line":116,"column":4},"end":{"line":116,"column":null}},{"start":{},"end":{}}],"line":116},"14":{"loc":{"start":{"line":119,"column":4},"end":{"line":122,"column":null}},"type":"if","locations":[{"start":{"line":119,"column":4},"end":{"line":122,"column":null}},{"start":{},"end":{}}],"line":119},"15":{"loc":{"start":{"line":126,"column":8},"end":{"line":130,"column":null}},"type":"if","locations":[{"start":{"line":126,"column":8},"end":{"line":130,"column":null}},{"start":{"line":128,"column":15},"end":{"line":130,"column":null}}],"line":126},"16":{"loc":{"start":{"line":126,"column":12},"end":{"line":126,"column":29}},"type":"binary-expr","locations":[{"start":{"line":126,"column":12},"end":{"line":126,"column":19}},{"start":{"line":126,"column":19},"end":{"line":126,"column":29}}],"line":126},"17":{"loc":{"start":{"line":127,"column":27},"end":{"line":127,"column":78}},"type":"cond-expr","locations":[{"start":{"line":127,"column":33},"end":{"line":127,"column":47}},{"start":{"line":127,"column":47},"end":{"line":127,"column":78}}],"line":127}},"s":{"0":20,"1":18,"2":9,"3":9,"4":3,"5":3,"6":1,"7":2,"8":2,"9":2,"10":2,"11":2,"12":2,"13":2,"14":2,"15":2,"16":2,"17":2,"18":2,"19":2,"20":2,"21":1,"22":5,"23":0,"24":5,"25":5,"26":3,"27":2,"28":2,"29":2,"30":1,"31":1,"32":4,"33":0,"34":4,"35":4,"36":2,"37":2,"38":2,"39":2,"40":2,"41":1,"42":1,"43":4,"44":0,"45":4,"46":4,"47":2,"48":2,"49":2,"50":2,"51":2,"52":1,"53":1},"f":{"0":20,"1":18,"2":3,"3":5,"4":2,"5":2,"6":4,"7":2,"8":2,"9":4,"10":2,"11":2},"b":{"0":[20,20],"1":[9,9],"2":[9,0],"3":[1,2],"4":[0,5],"5":[3,2],"6":[1,1],"7":[2,1],"8":[0,4],"9":[2,2],"10":[1,1],"11":[2,2],"12":[0,1],"13":[0,4],"14":[2,2],"15":[1,1],"16":[2,2],"17":[0,1]},"meta":{"lastBranch":18,"lastFunction":12,"lastStatement":54,"seen":{"f:38:16:38:45":0,"s:39:2:39:Infinity":0,"b:39:9:39:42:39:42:39:Infinity":0,"f:42:16:42:59":1,"b:43:2:43:Infinity:undefined:undefined:undefined:undefined":1,"s:43:2:43:Infinity":1,"s:43:28:43:Infinity":2,"s:44:2:44:Infinity":3,"b:44:9:44:36:44:36:44:Infinity":2,"f:47:16:47:37":2,"s:48:13:48:Infinity":4,"b:49:2:49:Infinity:undefined:undefined:undefined:undefined":3,"s:49:2:49:Infinity":5,"s:49:11:49:Infinity":6,"s:51:2:51:Infinity":7,"s:52:2:52:Infinity":8,"s:54:2:58:Infinity":9,"s:55:4:55:Infinity":10,"s:60:15:60:Infinity":11,"s:61:2:61:Infinity":12,"s:62:2:62:Infinity":13,"s:63:2:63:Infinity":14,"s:64:2:64:Infinity":15,"s:65:2:65:Infinity":16,"s:66:2:66:Infinity":17,"s:67:2:67:Infinity":18,"s:68:2:68:Infinity":19,"s:69:2:72:Infinity":20,"s:75:28:134:Infinity":21,"f:76:2:76:6":3,"b:77:4:77:Infinity:undefined:undefined:undefined:undefined":4,"s:77:4:77:Infinity":22,"s:77:39:77:Infinity":23,"s:79:15:79:Infinity":24,"b:80:4:82:Infinity:undefined:undefined:undefined:undefined":5,"s:80:4:82:Infinity":25,"s:81:6:81:Infinity":26,"s:84:4:92:Infinity":27,"f:84:38:84:39":4,"s:85:6:91:Infinity":28,"f:85:35:85:36":5,"b:86:8:90:Infinity:88:15:90:Infinity":6,"s:86:8:90:Infinity":29,"b:86:12:86:19:86:19:86:27":7,"s:87:10:87:Infinity":30,"s:89:10:89:Infinity":31,"f:95:2:95:6":6,"b:96:4:96:Infinity:undefined:undefined:undefined:undefined":8,"s:96:4:96:Infinity":32,"s:96:39:96:Infinity":33,"s:98:15:98:Infinity":34,"b:99:4:102:Infinity:undefined:undefined:undefined:undefined":9,"s:99:4:102:Infinity":35,"s:100:6:100:Infinity":36,"s:101:6:101:Infinity":37,"s:104:4:112:Infinity":38,"f:104:29:104:30":7,"s:105:6:111:Infinity":39,"f:105:42:105:43":8,"b:106:8:110:Infinity:108:15:110:Infinity":10,"s:106:8:110:Infinity":40,"b:106:12:106:19:106:19:106:28":11,"s:107:10:107:Infinity":41,"b:107:33:107:47:107:47:107:77":12,"s:109:10:109:Infinity":42,"f:115:2:115:9":9,"b:116:4:116:Infinity:undefined:undefined:undefined:undefined":13,"s:116:4:116:Infinity":43,"s:116:39:116:Infinity":44,"s:118:15:118:Infinity":45,"b:119:4:122:Infinity:undefined:undefined:undefined:undefined":14,"s:119:4:122:Infinity":46,"s:120:6:120:Infinity":47,"s:121:6:121:Infinity":48,"s:124:4:132:Infinity":49,"f:124:29:124:30":10,"s:125:6:131:Infinity":50,"f:125:38:125:39":11,"b:126:8:130:Infinity:128:15:130:Infinity":15,"s:126:8:130:Infinity":51,"b:126:12:126:19:126:19:126:29":16,"s:127:10:127:Infinity":52,"b:127:33:127:47:127:47:127:78":17,"s:129:10:129:Infinity":53}}}
,"/home/critiq/development/critiqal/frontend/src/lib/api/client.ts": {"path":"/home/critiq/development/critiqal/frontend/src/lib/api/client.ts","statementMap":{"0":{"start":{"line":4,"column":25},"end":{"line":4,"column":null}},"1":{"start":{"line":6,"column":33},"end":{"line":6,"column":null}},"2":{"start":{"line":9,"column":1},"end":{"line":9,"column":null}},"3":{"start":{"line":13,"column":1},"end":{"line":13,"column":null}},"4":{"start":{"line":13,"column":27},"end":{"line":13,"column":null}},"5":{"start":{"line":14,"column":1},"end":{"line":14,"column":null}},"6":{"start":{"line":14,"column":36},"end":{"line":14,"column":null}},"7":{"start":{"line":15,"column":1},"end":{"line":15,"column":null}},"8":{"start":{"line":19,"column":41},"end":{"line":21,"column":null}},"9":{"start":{"line":23,"column":1},"end":{"line":28,"column":null}},"10":{"start":{"line":24,"column":16},"end":{"line":24,"column":null}},"11":{"start":{"line":25,"column":2},"end":{"line":27,"column":null}},"12":{"start":{"line":26,"column":3},"end":{"line":26,"column":null}},"13":{"start":{"line":30,"column":1},"end":{"line":30,"column":null}},"14":{"start":{"line":34,"column":1},"end":{"line":36,"column":null}},"15":{"start":{"line":35,"column":2},"end":{"line":35,"column":null}},"16":{"start":{"line":38,"column":14},"end":{"line":38,"column":null}},"17":{"start":{"line":40,"column":1},"end":{"line":42,"column":null}},"18":{"start":{"line":41,"column":2},"end":{"line":41,"column":null}},"19":{"start":{"line":45,"column":1},"end":{"line":49,"column":null}},"20":{"start":{"line":46,"column":2},"end":{"line":46,"column":null}},"21":{"start":{"line":48,"column":2},"end":{"line":48,"column":null}},"22":{"start":{"line":51,"column":1},"end":{"line":57,"column":null}},"23":{"start":{"line":53,"column":3},"end":{"line":55,"column":null}},"24":{"start":{"line":56,"column":2},"end":{"line":56,"column":null}},"25":{"start":{"line":59,"column":1},"end":{"line":59,"column":null}},"26":{"start":{"line":68,"column":41},"end":{"line":68,"column":null}},"27":{"start":{"line":70,"column":18},"end":{"line":75,"column":null}},"28":{"start":{"line":77,"column":1},"end":{"line":77,"column":null}},"29":{"start":{"line":81,"column":41},"end":{"line":81,"column":null}},"30":{"start":{"line":83,"column":1},"end":{"line":88,"column":null}},"31":{"start":{"line":84,"column":16},"end":{"line":84,"column":null}},"32":{"start":{"line":85,"column":2},"end":{"line":87,"column":null}},"33":{"start":{"line":86,"column":3},"end":{"line":86,"column":null}},"34":{"start":{"line":90,"column":18},"end":{"line":95,"column":null}},"35":{"start":{"line":97,"column":1},"end":{"line":97,"column":null}},"36":{"start":{"line":100,"column":25},"end":{"line":120,"column":null}},"37":{"start":{"line":102,"column":2},"end":{"line":102,"column":null}},"38":{"start":{"line":106,"column":2},"end":{"line":106,"column":null}},"39":{"start":{"line":110,"column":2},"end":{"line":110,"column":null}},"40":{"start":{"line":114,"column":2},"end":{"line":114,"column":null}},"41":{"start":{"line":118,"column":2},"end":{"line":118,"column":null}}},"fnMap":{"0":{"name":"setInMemoryToken","decl":{"start":{"line":8,"column":16},"end":{"line":8,"column":33}},"loc":{"start":{"line":8,"column":61},"end":{"line":10,"column":null}},"line":8},"1":{"name":"getStoredToken","decl":{"start":{"line":12,"column":9},"end":{"line":12,"column":41}},"loc":{"start":{"line":12,"column":41},"end":{"line":16,"column":null}},"line":12},"2":{"name":"buildHeaders","decl":{"start":{"line":18,"column":9},"end":{"line":18,"column":22}},"loc":{"start":{"line":18,"column":70},"end":{"line":31,"column":null}},"line":18},"3":{"name":"parseResponse","decl":{"start":{"line":33,"column":15},"end":{"line":33,"column":32}},"loc":{"start":{"line":33,"column":64},"end":{"line":60,"column":null}},"line":33},"4":{"name":"request","decl":{"start":{"line":67,"column":15},"end":{"line":67,"column":26}},"loc":{"start":{"line":67,"column":98},"end":{"line":78,"column":null}},"line":67},"5":{"name":"upload","decl":{"start":{"line":80,"column":15},"end":{"line":80,"column":25}},"loc":{"start":{"line":80,"column":93},"end":{"line":98,"column":null}},"line":80},"6":{"name":"(anonymous_6)","decl":{"start":{"line":101,"column":1},"end":{"line":101,"column":8}},"loc":{"start":{"line":101,"column":57},"end":{"line":103,"column":null}},"line":101},"7":{"name":"(anonymous_7)","decl":{"start":{"line":105,"column":1},"end":{"line":105,"column":9}},"loc":{"start":{"line":105,"column":73},"end":{"line":107,"column":null}},"line":105},"8":{"name":"(anonymous_8)","decl":{"start":{"line":109,"column":1},"end":{"line":109,"column":8}},"loc":{"start":{"line":109,"column":72},"end":{"line":111,"column":null}},"line":109},"9":{"name":"(anonymous_9)","decl":{"start":{"line":113,"column":1},"end":{"line":113,"column":18}},"loc":{"start":{"line":113,"column":67},"end":{"line":115,"column":null}},"line":113},"10":{"name":"(anonymous_10)","decl":{"start":{"line":117,"column":1},"end":{"line":117,"column":11}},"loc":{"start":{"line":117,"column":79},"end":{"line":119,"column":null}},"line":117}},"branchMap":{"0":{"loc":{"start":{"line":4,"column":25},"end":{"line":4,"column":null}},"type":"binary-expr","locations":[{"start":{"line":4,"column":25},"end":{"line":4,"column":57}},{"start":{"line":4,"column":57},"end":{"line":4,"column":null}}],"line":4},"1":{"loc":{"start":{"line":13,"column":1},"end":{"line":13,"column":null}},"type":"if","locations":[{"start":{"line":13,"column":1},"end":{"line":13,"column":null}},{"start":{},"end":{}}],"line":13},"2":{"loc":{"start":{"line":14,"column":1},"end":{"line":14,"column":null}},"type":"if","locations":[{"start":{"line":14,"column":1},"end":{"line":14,"column":null}},{"start":{},"end":{}}],"line":14},"3":{"loc":{"start":{"line":23,"column":1},"end":{"line":28,"column":null}},"type":"if","locations":[{"start":{"line":23,"column":1},"end":{"line":28,"column":null}},{"start":{},"end":{}}],"line":23},"4":{"loc":{"start":{"line":25,"column":2},"end":{"line":27,"column":null}},"type":"if","locations":[{"start":{"line":25,"column":2},"end":{"line":27,"column":null}},{"start":{},"end":{}}],"line":25},"5":{"loc":{"start":{"line":34,"column":1},"end":{"line":36,"column":null}},"type":"if","locations":[{"start":{"line":34,"column":1},"end":{"line":36,"column":null}},{"start":{},"end":{}}],"line":34},"6":{"loc":{"start":{"line":40,"column":1},"end":{"line":42,"column":null}},"type":"if","locations":[{"start":{"line":40,"column":1},"end":{"line":42,"column":null}},{"start":{},"end":{}}],"line":40},"7":{"loc":{"start":{"line":51,"column":1},"end":{"line":57,"column":null}},"type":"if","locations":[{"start":{"line":51,"column":1},"end":{"line":57,"column":null}},{"start":{},"end":{}}],"line":51},"8":{"loc":{"start":{"line":53,"column":3},"end":{"line":55,"column":null}},"type":"cond-expr","locations":[{"start":{"line":54,"column":6},"end":{"line":54,"column":null}},{"start":{"line":55,"column":6},"end":{"line":55,"column":null}}],"line":53},"9":{"loc":{"start":{"line":53,"column":3},"end":{"line":53,"column":null}},"type":"binary-expr","locations":[{"start":{"line":53,"column":3},"end":{"line":53,"column":31}},{"start":{"line":53,"column":31},"end":{"line":53,"column":48}},{"start":{"line":53,"column":48},"end":{"line":53,"column":null}}],"line":53},"10":{"loc":{"start":{"line":67,"column":56},"end":{"line":67,"column":98}},"type":"default-arg","locations":[{"start":{"line":67,"column":82},"end":{"line":67,"column":98}}],"line":67},"11":{"loc":{"start":{"line":68,"column":15},"end":{"line":68,"column":37}},"type":"default-arg","locations":[{"start":{"line":68,"column":31},"end":{"line":68,"column":37}}],"line":68},"12":{"loc":{"start":{"line":73,"column":8},"end":{"line":73,"column":null}},"type":"cond-expr","locations":[{"start":{"line":73,"column":29},"end":{"line":73,"column":52}},{"start":{"line":73,"column":52},"end":{"line":73,"column":null}}],"line":73},"13":{"loc":{"start":{"line":80,"column":59},"end":{"line":80,"column":93}},"type":"default-arg","locations":[{"start":{"line":80,"column":75},"end":{"line":80,"column":93}}],"line":80},"14":{"loc":{"start":{"line":83,"column":1},"end":{"line":88,"column":null}},"type":"if","locations":[{"start":{"line":83,"column":1},"end":{"line":88,"column":null}},{"start":{},"end":{}}],"line":83},"15":{"loc":{"start":{"line":85,"column":2},"end":{"line":87,"column":null}},"type":"if","locations":[{"start":{"line":85,"column":2},"end":{"line":87,"column":null}},{"start":{},"end":{}}],"line":85},"16":{"loc":{"start":{"line":101,"column":22},"end":{"line":101,"column":57}},"type":"default-arg","locations":[{"start":{"line":101,"column":38},"end":{"line":101,"column":57}}],"line":101},"17":{"loc":{"start":{"line":105,"column":38},"end":{"line":105,"column":73}},"type":"default-arg","locations":[{"start":{"line":105,"column":54},"end":{"line":105,"column":73}}],"line":105},"18":{"loc":{"start":{"line":109,"column":37},"end":{"line":109,"column":72}},"type":"default-arg","locations":[{"start":{"line":109,"column":53},"end":{"line":109,"column":72}}],"line":109},"19":{"loc":{"start":{"line":113,"column":32},"end":{"line":113,"column":67}},"type":"default-arg","locations":[{"start":{"line":113,"column":48},"end":{"line":113,"column":67}}],"line":113},"20":{"loc":{"start":{"line":117,"column":45},"end":{"line":117,"column":79}},"type":"default-arg","locations":[{"start":{"line":117,"column":61},"end":{"line":117,"column":79}}],"line":117}},"s":{"0":0,"1":0,"2":0,"3":0,"4":0,"5":0,"6":0,"7":0,"8":0,"9":0,"10":0,"11":0,"12":0,"13":0,"14":0,"15":0,"16":0,"17":0,"18":0,"19":0,"20":0,"21":0,"22":0,"23":0,"24":0,"25":0,"26":0,"27":0,"28":0,"29":0,"30":0,"31":0,"32":0,"33":0,"34":0,"35":0,"36":0,"37":0,"38":0,"39":0,"40":0,"41":0},"f":{"0":0,"1":0,"2":0,"3":0,"4":0,"5":0,"6":0,"7":0,"8":0,"9":0,"10":0},"b":{"0":[0,0],"1":[0,0],"2":[0,0],"3":[0,0],"4":[0,0],"5":[0,0],"6":[0,0],"7":[0,0],"8":[0,0],"9":[0,0,0],"10":[0],"11":[0],"12":[0,0],"13":[0],"14":[0,0],"15":[0,0],"16":[0],"17":[0],"18":[0],"19":[0],"20":[0]},"meta":{"lastBranch":21,"lastFunction":11,"lastStatement":42,"seen":{"s:4:25:4:Infinity":0,"b:4:25:4:57:4:57:4:Infinity":0,"s:6:33:6:Infinity":1,"f:8:16:8:33":0,"s:9:1:9:Infinity":2,"f:12:9:12:41":1,"b:13:1:13:Infinity:undefined:undefined:undefined:undefined":1,"s:13:1:13:Infinity":3,"s:13:27:13:Infinity":4,"b:14:1:14:Infinity:undefined:undefined:undefined:undefined":2,"s:14:1:14:Infinity":5,"s:14:36:14:Infinity":6,"s:15:1:15:Infinity":7,"f:18:9:18:22":2,"s:19:41:21:Infinity":8,"b:23:1:28:Infinity:undefined:undefined:undefined:undefined":3,"s:23:1:28:Infinity":9,"s:24:16:24:Infinity":10,"b:25:2:27:Infinity:undefined:undefined:undefined:undefined":4,"s:25:2:27:Infinity":11,"s:26:3:26:Infinity":12,"s:30:1:30:Infinity":13,"f:33:15:33:32":3,"b:34:1:36:Infinity:undefined:undefined:undefined:undefined":5,"s:34:1:36:Infinity":14,"s:35:2:35:Infinity":15,"s:38:14:38:Infinity":16,"b:40:1:42:Infinity:undefined:undefined:undefined:undefined":6,"s:40:1:42:Infinity":17,"s:41:2:41:Infinity":18,"s:45:1:49:Infinity":19,"s:46:2:46:Infinity":20,"s:48:2:48:Infinity":21,"b:51:1:57:Infinity:undefined:undefined:undefined:undefined":7,"s:51:1:57:Infinity":22,"s:53:3:55:Infinity":23,"b:54:6:54:Infinity:55:6:55:Infinity":8,"b:53:3:53:31:53:31:53:48:53:48:53:Infinity":9,"s:56:2:56:Infinity":24,"s:59:1:59:Infinity":25,"f:67:15:67:26":4,"b:67:82:67:98":10,"s:68:41:68:Infinity":26,"b:68:31:68:37":11,"s:70:18:75:Infinity":27,"b:73:29:73:52:73:52:73:Infinity":12,"s:77:1:77:Infinity":28,"f:80:15:80:25":5,"b:80:75:80:93":13,"s:81:41:81:Infinity":29,"b:83:1:88:Infinity:undefined:undefined:undefined:undefined":14,"s:83:1:88:Infinity":30,"s:84:16:84:Infinity":31,"b:85:2:87:Infinity:undefined:undefined:undefined:undefined":15,"s:85:2:87:Infinity":32,"s:86:3:86:Infinity":33,"s:90:18:95:Infinity":34,"s:97:1:97:Infinity":35,"s:100:25:120:Infinity":36,"f:101:1:101:8":6,"b:101:38:101:57":16,"s:102:2:102:Infinity":37,"f:105:1:105:9":7,"b:105:54:105:73":17,"s:106:2:106:Infinity":38,"f:109:1:109:8":8,"b:109:53:109:72":18,"s:110:2:110:Infinity":39,"f:113:1:113:18":9,"b:113:48:113:67":19,"s:114:2:114:Infinity":40,"f:117:1:117:11":10,"b:117:61:117:79":20,"s:118:2:118:Infinity":41}}}
,"/home/critiq/development/critiqal/frontend/src/lib/api/endpoints.ts": {"path":"/home/critiq/development/critiqal/frontend/src/lib/api/endpoints.ts","statementMap":{"0":{"start":{"line":1,"column":19},"end":{"line":29,"column":null}},"1":{"start":{"line":9,"column":24},"end":{"line":9,"column":null}},"2":{"start":{"line":10,"column":32},"end":{"line":10,"column":null}},"3":{"start":{"line":11,"column":50},"end":{"line":11,"column":null}},"4":{"start":{"line":12,"column":50},"end":{"line":12,"column":null}},"5":{"start":{"line":13,"column":33},"end":{"line":13,"column":null}},"6":{"start":{"line":16,"column":33},"end":{"line":16,"column":null}},"7":{"start":{"line":19,"column":31},"end":{"line":19,"column":null}},"8":{"start":{"line":20,"column":26},"end":{"line":20,"column":null}},"9":{"start":{"line":21,"column":29},"end":{"line":21,"column":null}},"10":{"start":{"line":22,"column":29},"end":{"line":22,"column":null}},"11":{"start":{"line":26,"column":34},"end":{"line":26,"column":null}},"12":{"start":{"line":27,"column":50},"end":{"line":27,"column":null}}},"fnMap":{"0":{"name":"(anonymous_0)","decl":{"start":{"line":9,"column":8},"end":{"line":9,"column":9}},"loc":{"start":{"line":9,"column":24},"end":{"line":9,"column":null}},"line":9},"1":{"name":"(anonymous_1)","decl":{"start":{"line":10,"column":12},"end":{"line":10,"column":13}},"loc":{"start":{"line":10,"column":32},"end":{"line":10,"column":null}},"line":10},"2":{"name":"(anonymous_2)","decl":{"start":{"line":11,"column":11},"end":{"line":11,"column":12}},"loc":{"start":{"line":11,"column":50},"end":{"line":11,"column":null}},"line":11},"3":{"name":"(anonymous_3)","decl":{"start":{"line":12,"column":11},"end":{"line":12,"column":12}},"loc":{"start":{"line":12,"column":50},"end":{"line":12,"column":null}},"line":12},"4":{"name":"(anonymous_4)","decl":{"start":{"line":13,"column":13},"end":{"line":13,"column":14}},"loc":{"start":{"line":13,"column":33},"end":{"line":13,"column":null}},"line":13},"5":{"name":"(anonymous_5)","decl":{"start":{"line":16,"column":11},"end":{"line":16,"column":12}},"loc":{"start":{"line":16,"column":33},"end":{"line":16,"column":null}},"line":16},"6":{"name":"(anonymous_6)","decl":{"start":{"line":19,"column":9},"end":{"line":19,"column":10}},"loc":{"start":{"line":19,"column":31},"end":{"line":19,"column":null}},"line":19},"7":{"name":"(anonymous_7)","decl":{"start":{"line":20,"column":10},"end":{"line":20,"column":11}},"loc":{"start":{"line":20,"column":26},"end":{"line":20,"column":null}},"line":20},"8":{"name":"(anonymous_8)","decl":{"start":{"line":21,"column":13},"end":{"line":21,"column":14}},"loc":{"start":{"line":21,"column":29},"end":{"line":21,"column":null}},"line":21},"9":{"name":"(anonymous_9)","decl":{"start":{"line":22,"column":13},"end":{"line":22,"column":14}},"loc":{"start":{"line":22,"column":29},"end":{"line":22,"column":null}},"line":22},"10":{"name":"(anonymous_10)","decl":{"start":{"line":26,"column":14},"end":{"line":26,"column":15}},"loc":{"start":{"line":26,"column":34},"end":{"line":26,"column":null}},"line":26},"11":{"name":"(anonymous_11)","decl":{"start":{"line":27,"column":13},"end":{"line":27,"column":14}},"loc":{"start":{"line":27,"column":50},"end":{"line":27,"column":null}},"line":27}},"branchMap":{},"s":{"0":0,"1":0,"2":0,"3":0,"4":0,"5":0,"6":0,"7":0,"8":0,"9":0,"10":0,"11":0,"12":0},"f":{"0":0,"1":0,"2":0,"3":0,"4":0,"5":0,"6":0,"7":0,"8":0,"9":0,"10":0,"11":0},"b":{},"meta":{"lastBranch":0,"lastFunction":12,"lastStatement":13,"seen":{"s:1:19:29:Infinity":0,"f:9:8:9:9":0,"s:9:24:9:Infinity":1,"f:10:12:10:13":1,"s:10:32:10:Infinity":2,"f:11:11:11:12":2,"s:11:50:11:Infinity":3,"f:12:11:12:12":3,"s:12:50:12:Infinity":4,"f:13:13:13:14":4,"s:13:33:13:Infinity":5,"f:16:11:16:12":5,"s:16:33:16:Infinity":6,"f:19:9:19:10":6,"s:19:31:19:Infinity":7,"f:20:10:20:11":7,"s:20:26:20:Infinity":8,"f:21:13:21:14":8,"s:21:29:21:Infinity":9,"f:22:13:22:14":9,"s:22:29:22:Infinity":10,"f:26:14:26:15":10,"s:26:34:26:Infinity":11,"f:27:13:27:14":11,"s:27:50:27:Infinity":12}}}
,"/home/critiq/development/critiqal/frontend/src/lib/services/auth.service.ts": {"path":"/home/critiq/development/critiqal/frontend/src/lib/services/auth.service.ts","statementMap":{"0":{"start":{"line":5,"column":27},"end":{"line":13,"column":null}},"1":{"start":{"line":7,"column":2},"end":{"line":7,"column":null}},"2":{"start":{"line":11,"column":2},"end":{"line":11,"column":null}}},"fnMap":{"0":{"name":"(anonymous_0)","decl":{"start":{"line":6,"column":1},"end":{"line":6,"column":10}},"loc":{"start":{"line":6,"column":55},"end":{"line":8,"column":null}},"line":6},"1":{"name":"(anonymous_1)","decl":{"start":{"line":10,"column":1},"end":{"line":10,"column":7}},"loc":{"start":{"line":10,"column":49},"end":{"line":12,"column":null}},"line":10}},"branchMap":{},"s":{"0":0,"1":0,"2":0},"f":{"0":0,"1":0},"b":{},"meta":{"lastBranch":0,"lastFunction":2,"lastStatement":3,"seen":{"s:5:27:13:Infinity":0,"f:6:1:6:10":0,"s:7:2:7:Infinity":1,"f:10:1:10:7":1,"s:11:2:11:Infinity":2}}}
,"/home/critiq/development/critiqal/frontend/src/lib/services/index.ts": {"path":"/home/critiq/development/critiqal/frontend/src/lib/services/index.ts","statementMap":{},"fnMap":{},"branchMap":{},"s":{},"f":{},"b":{},"meta":{"lastBranch":0,"lastFunction":0,"lastStatement":0,"seen":{}}}
,"/home/critiq/development/critiqal/frontend/src/lib/services/media.service.ts": {"path":"/home/critiq/development/critiqal/frontend/src/lib/services/media.service.ts","statementMap":{"0":{"start":{"line":9,"column":28},"end":{"line":33,"column":null}},"1":{"start":{"line":11,"column":19},"end":{"line":11,"column":null}},"2":{"start":{"line":12,"column":2},"end":{"line":12,"column":null}},"3":{"start":{"line":13,"column":2},"end":{"line":13,"column":null}},"4":{"start":{"line":17,"column":2},"end":{"line":17,"column":null}},"5":{"start":{"line":21,"column":19},"end":{"line":21,"column":null}},"6":{"start":{"line":22,"column":2},"end":{"line":22,"column":null}},"7":{"start":{"line":23,"column":2},"end":{"line":23,"column":null}},"8":{"start":{"line":27,"column":2},"end":{"line":27,"column":null}},"9":{"start":{"line":31,"column":2},"end":{"line":31,"column":null}}},"fnMap":{"0":{"name":"(anonymous_0)","decl":{"start":{"line":10,"column":1},"end":{"line":10,"column":14}},"loc":{"start":{"line":10,"column":55},"end":{"line":14,"column":null}},"line":10},"1":{"name":"(anonymous_1)","decl":{"start":{"line":16,"column":1},"end":{"line":16,"column":31}},"loc":{"start":{"line":16,"column":31},"end":{"line":18,"column":null}},"line":16},"2":{"name":"(anonymous_2)","decl":{"start":{"line":20,"column":1},"end":{"line":20,"column":17}},"loc":{"start":{"line":20,"column":65},"end":{"line":24,"column":null}},"line":20},"3":{"name":"(anonymous_3)","decl":{"start":{"line":26,"column":1},"end":{"line":26,"column":17}},"loc":{"start":{"line":26,"column":65},"end":{"line":28,"column":null}},"line":26},"4":{"name":"(anonymous_4)","decl":{"start":{"line":30,"column":1},"end":{"line":30,"column":21}},"loc":{"start":{"line":30,"column":52},"end":{"line":32,"column":null}},"line":30}},"branchMap":{},"s":{"0":0,"1":0,"2":0,"3":0,"4":0,"5":0,"6":0,"7":0,"8":0,"9":0},"f":{"0":0,"1":0,"2":0,"3":0,"4":0},"b":{},"meta":{"lastBranch":0,"lastFunction":5,"lastStatement":10,"seen":{"s:9:28:33:Infinity":0,"f:10:1:10:14":0,"s:11:19:11:Infinity":1,"s:12:2:12:Infinity":2,"s:13:2:13:Infinity":3,"f:16:1:16:31":1,"s:17:2:17:Infinity":4,"f:20:1:20:17":2,"s:21:19:21:Infinity":5,"s:22:2:22:Infinity":6,"s:23:2:23:Infinity":7,"f:26:1:26:17":3,"s:27:2:27:Infinity":8,"f:30:1:30:21":4,"s:31:2:31:Infinity":9}}}
,"/home/critiq/development/critiqal/frontend/src/lib/services/post.service.ts": {"path":"/home/critiq/development/critiqal/frontend/src/lib/services/post.service.ts","statementMap":{"0":{"start":{"line":12,"column":27},"end":{"line":72,"column":null}},"1":{"start":{"line":14,"column":2},"end":{"line":14,"column":null}},"2":{"start":{"line":18,"column":2},"end":{"line":18,"column":null}},"3":{"start":{"line":22,"column":2},"end":{"line":22,"column":null}},"4":{"start":{"line":26,"column":2},"end":{"line":26,"column":null}},"5":{"start":{"line":30,"column":2},"end":{"line":30,"column":null}},"6":{"start":{"line":36,"column":2},"end":{"line":36,"column":null}},"7":{"start":{"line":40,"column":2},"end":{"line":40,"column":null}},"8":{"start":{"line":44,"column":2},"end":{"line":44,"column":null}},"9":{"start":{"line":48,"column":2},"end":{"line":48,"column":null}},"10":{"start":{"line":52,"column":2},"end":{"line":52,"column":null}},"11":{"start":{"line":58,"column":2},"end":{"line":58,"column":null}},"12":{"start":{"line":62,"column":2},"end":{"line":62,"column":null}},"13":{"start":{"line":66,"column":2},"end":{"line":66,"column":null}},"14":{"start":{"line":70,"column":2},"end":{"line":70,"column":null}}},"fnMap":{"0":{"name":"(anonymous_0)","decl":{"start":{"line":13,"column":1},"end":{"line":13,"column":28}},"loc":{"start":{"line":13,"column":28},"end":{"line":15,"column":null}},"line":13},"1":{"name":"(anonymous_1)","decl":{"start":{"line":17,"column":1},"end":{"line":17,"column":8}},"loc":{"start":{"line":17,"column":40},"end":{"line":19,"column":null}},"line":17},"2":{"name":"(anonymous_2)","decl":{"start":{"line":21,"column":1},"end":{"line":21,"column":9}},"loc":{"start":{"line":21,"column":36},"end":{"line":23,"column":null}},"line":21},"3":{"name":"(anonymous_3)","decl":{"start":{"line":25,"column":1},"end":{"line":25,"column":8}},"loc":{"start":{"line":25,"column":47},"end":{"line":27,"column":null}},"line":25},"4":{"name":"(anonymous_4)","decl":{"start":{"line":29,"column":1},"end":{"line":29,"column":8}},"loc":{"start":{"line":29,"column":35},"end":{"line":31,"column":null}},"line":29},"5":{"name":"(anonymous_5)","decl":{"start":{"line":35,"column":1},"end":{"line":35,"column":13}},"loc":{"start":{"line":35,"column":49},"end":{"line":37,"column":null}},"line":35},"6":{"name":"(anonymous_6)","decl":{"start":{"line":39,"column":1},"end":{"line":39,"column":12}},"loc":{"start":{"line":39,"column":70},"end":{"line":41,"column":null}},"line":39},"7":{"name":"(anonymous_7)","decl":{"start":{"line":43,"column":1},"end":{"line":43,"column":15}},"loc":{"start":{"line":43,"column":65},"end":{"line":45,"column":null}},"line":43},"8":{"name":"(anonymous_8)","decl":{"start":{"line":47,"column":1},"end":{"line":47,"column":12}},"loc":{"start":{"line":47,"column":67},"end":{"line":49,"column":null}},"line":47},"9":{"name":"(anonymous_9)","decl":{"start":{"line":51,"column":1},"end":{"line":51,"column":10}},"loc":{"start":{"line":51,"column":87},"end":{"line":53,"column":null}},"line":51},"10":{"name":"(anonymous_10)","decl":{"start":{"line":57,"column":1},"end":{"line":57,"column":14}},"loc":{"start":{"line":57,"column":53},"end":{"line":59,"column":null}},"line":57},"11":{"name":"(anonymous_11)","decl":{"start":{"line":61,"column":1},"end":{"line":61,"column":15}},"loc":{"start":{"line":61,"column":66},"end":{"line":63,"column":null}},"line":61},"12":{"name":"(anonymous_12)","decl":{"start":{"line":65,"column":1},"end":{"line":65,"column":7}},"loc":{"start":{"line":65,"column":58},"end":{"line":67,"column":null}},"line":65},"13":{"name":"(anonymous_13)","decl":{"start":{"line":69,"column":1},"end":{"line":69,"column":16}},"loc":{"start":{"line":69,"column":47},"end":{"line":71,"column":null}},"line":69}},"branchMap":{},"s":{"0":0,"1":0,"2":0,"3":0,"4":0,"5":0,"6":0,"7":0,"8":0,"9":0,"10":0,"11":0,"12":0,"13":0,"14":0},"f":{"0":0,"1":0,"2":0,"3":0,"4":0,"5":0,"6":0,"7":0,"8":0,"9":0,"10":0,"11":0,"12":0,"13":0},"b":{},"meta":{"lastBranch":0,"lastFunction":14,"lastStatement":15,"seen":{"s:12:27:72:Infinity":0,"f:13:1:13:28":0,"s:14:2:14:Infinity":1,"f:17:1:17:8":1,"s:18:2:18:Infinity":2,"f:21:1:21:9":2,"s:22:2:22:Infinity":3,"f:25:1:25:8":3,"s:26:2:26:Infinity":4,"f:29:1:29:8":4,"s:30:2:30:Infinity":5,"f:35:1:35:13":5,"s:36:2:36:Infinity":6,"f:39:1:39:12":6,"s:40:2:40:Infinity":7,"f:43:1:43:15":7,"s:44:2:44:Infinity":8,"f:47:1:47:12":8,"s:48:2:48:Infinity":9,"f:51:1:51:10":9,"s:52:2:52:Infinity":10,"f:57:1:57:14":10,"s:58:2:58:Infinity":11,"f:61:1:61:15":11,"s:62:2:62:Infinity":12,"f:65:1:65:7":12,"s:66:2:66:Infinity":13,"f:69:1:69:16":13,"s:70:2:70:Infinity":14}}}
,"/home/critiq/development/critiqal/frontend/src/lib/services/user.service.ts": {"path":"/home/critiq/development/critiqal/frontend/src/lib/services/user.service.ts","statementMap":{"0":{"start":{"line":5,"column":27},"end":{"line":37,"column":null}},"1":{"start":{"line":7,"column":2},"end":{"line":7,"column":null}},"2":{"start":{"line":11,"column":2},"end":{"line":11,"column":null}},"3":{"start":{"line":15,"column":2},"end":{"line":15,"column":null}},"4":{"start":{"line":19,"column":2},"end":{"line":19,"column":null}},"5":{"start":{"line":23,"column":2},"end":{"line":23,"column":null}},"6":{"start":{"line":27,"column":2},"end":{"line":27,"column":null}},"7":{"start":{"line":31,"column":2},"end":{"line":31,"column":null}},"8":{"start":{"line":35,"column":2},"end":{"line":35,"column":null}}},"fnMap":{"0":{"name":"(anonymous_0)","decl":{"start":{"line":6,"column":1},"end":{"line":6,"column":12}},"loc":{"start":{"line":6,"column":45},"end":{"line":8,"column":null}},"line":6},"1":{"name":"(anonymous_1)","decl":{"start":{"line":10,"column":1},"end":{"line":10,"column":8}},"loc":{"start":{"line":10,"column":40},"end":{"line":12,"column":null}},"line":10},"2":{"name":"(anonymous_2)","decl":{"start":{"line":14,"column":1},"end":{"line":14,"column":15}},"loc":{"start":{"line":14,"column":57},"end":{"line":16,"column":null}},"line":14},"3":{"name":"(anonymous_3)","decl":{"start":{"line":18,"column":1},"end":{"line":18,"column":8}},"loc":{"start":{"line":18,"column":41},"end":{"line":20,"column":null}},"line":18},"4":{"name":"(anonymous_4)","decl":{"start":{"line":22,"column":1},"end":{"line":22,"column":10}},"loc":{"start":{"line":22,"column":43},"end":{"line":24,"column":null}},"line":22},"5":{"name":"(anonymous_5)","decl":{"start":{"line":26,"column":1},"end":{"line":26,"column":14}},"loc":{"start":{"line":26,"column":47},"end":{"line":28,"column":null}},"line":26},"6":{"name":"(anonymous_6)","decl":{"start":{"line":30,"column":1},"end":{"line":30,"column":14}},"loc":{"start":{"line":30,"column":47},"end":{"line":32,"column":null}},"line":30},"7":{"name":"(anonymous_7)","decl":{"start":{"line":34,"column":1},"end":{"line":34,"column":14}},"loc":{"start":{"line":34,"column":49},"end":{"line":36,"column":null}},"line":34}},"branchMap":{},"s":{"0":0,"1":0,"2":0,"3":0,"4":0,"5":0,"6":0,"7":0,"8":0},"f":{"0":0,"1":0,"2":0,"3":0,"4":0,"5":0,"6":0,"7":0},"b":{},"meta":{"lastBranch":0,"lastFunction":8,"lastStatement":9,"seen":{"s:5:27:37:Infinity":0,"f:6:1:6:12":0,"s:7:2:7:Infinity":1,"f:10:1:10:8":1,"s:11:2:11:Infinity":2,"f:14:1:14:15":2,"s:15:2:15:Infinity":3,"f:18:1:18:8":3,"s:19:2:19:Infinity":4,"f:22:1:22:10":4,"s:23:2:23:Infinity":5,"f:26:1:26:14":5,"s:27:2:27:Infinity":6,"f:30:1:30:14":6,"s:31:2:31:Infinity":7,"f:34:1:34:14":7,"s:35:2:35:Infinity":8}}}
,"/home/critiq/development/critiqal/frontend/src/lib/stores/mobile-explore.store.ts": {"path":"/home/critiq/development/critiqal/frontend/src/lib/stores/mobile-explore.store.ts","statementMap":{"0":{"start":{"line":14,"column":13},"end":{"line":20,"column":null}}},"fnMap":{},"branchMap":{},"s":{"0":0},"f":{},"b":{},"meta":{"lastBranch":0,"lastFunction":0,"lastStatement":1,"seen":{"s:14:13:20:Infinity":0}}}
,"/home/critiq/development/critiqal/frontend/src/lib/stores/mobile-feed.store.ts": {"path":"/home/critiq/development/critiqal/frontend/src/lib/stores/mobile-feed.store.ts","statementMap":{"0":{"start":{"line":11,"column":13},"end":{"line":16,"column":null}}},"fnMap":{},"branchMap":{},"s":{"0":0},"f":{},"b":{},"meta":{"lastBranch":0,"lastFunction":0,"lastStatement":1,"seen":{"s:11:13:16:Infinity":0}}}
,"/home/critiq/development/critiqal/frontend/src/lib/stores/mobile-tab.store.ts": {"path":"/home/critiq/development/critiqal/frontend/src/lib/stores/mobile-tab.store.ts","statementMap":{"0":{"start":{"line":5,"column":13},"end":{"line":5,"column":null}}},"fnMap":{},"branchMap":{},"s":{"0":0},"f":{},"b":{},"meta":{"lastBranch":0,"lastFunction":0,"lastStatement":1,"seen":{"s:5:13:5:Infinity":0}}}
,"/home/critiq/development/critiqal/frontend/src/lib/utils/viewTracker.ts": {"path":"/home/critiq/development/critiqal/frontend/src/lib/utils/viewTracker.ts","statementMap":{"0":{"start":{"line":4,"column":28},"end":{"line":4,"column":null}},"1":{"start":{"line":5,"column":27},"end":{"line":5,"column":null}},"2":{"start":{"line":6,"column":49},"end":{"line":6,"column":null}},"3":{"start":{"line":7,"column":28},"end":{"line":7,"column":null}},"4":{"start":{"line":10,"column":2},"end":{"line":26,"column":null}},"5":{"start":{"line":11,"column":3},"end":{"line":25,"column":null}},"6":{"start":{"line":13,"column":5},"end":{"line":22,"column":null}},"7":{"start":{"line":14,"column":19},"end":{"line":14,"column":null}},"8":{"start":{"line":15,"column":6},"end":{"line":15,"column":null}},"9":{"start":{"line":15,"column":17},"end":{"line":15,"column":null}},"10":{"start":{"line":17,"column":6},"end":{"line":21,"column":null}},"11":{"start":{"line":18,"column":7},"end":{"line":18,"column":null}},"12":{"start":{"line":20,"column":7},"end":{"line":20,"column":null}},"13":{"start":{"line":27,"column":2},"end":{"line":27,"column":null}},"14":{"start":{"line":31,"column":2},"end":{"line":31,"column":null}},"15":{"start":{"line":31,"column":75},"end":{"line":31,"column":null}},"16":{"start":{"line":33,"column":16},"end":{"line":38,"column":null}},"17":{"start":{"line":34,"column":3},"end":{"line":34,"column":null}},"18":{"start":{"line":35,"column":3},"end":{"line":35,"column":null}},"19":{"start":{"line":35,"column":53},"end":{"line":35,"column":null}},"20":{"start":{"line":36,"column":3},"end":{"line":36,"column":null}},"21":{"start":{"line":37,"column":3},"end":{"line":37,"column":null}},"22":{"start":{"line":40,"column":2},"end":{"line":40,"column":null}},"23":{"start":{"line":44,"column":16},"end":{"line":44,"column":null}},"24":{"start":{"line":45,"column":2},"end":{"line":48,"column":null}},"25":{"start":{"line":46,"column":3},"end":{"line":46,"column":null}},"26":{"start":{"line":47,"column":3},"end":{"line":47,"column":null}},"27":{"start":{"line":52,"column":2},"end":{"line":52,"column":null}},"28":{"start":{"line":52,"column":24},"end":{"line":52,"column":null}},"29":{"start":{"line":54,"column":2},"end":{"line":54,"column":null}},"30":{"start":{"line":55,"column":2},"end":{"line":55,"column":null}},"31":{"start":{"line":57,"column":2},"end":{"line":61,"column":null}},"32":{"start":{"line":58,"column":3},"end":{"line":58,"column":null}},"33":{"start":{"line":59,"column":3},"end":{"line":59,"column":null}},"34":{"start":{"line":60,"column":3},"end":{"line":60,"column":null}},"35":{"start":{"line":65,"column":27},"end":{"line":65,"column":null}}},"fnMap":{"0":{"name":"(anonymous_0)","decl":{"start":{"line":9,"column":9},"end":{"line":9,"column":45}},"loc":{"start":{"line":9,"column":45},"end":{"line":28,"column":null}},"line":9},"1":{"name":"(anonymous_1)","decl":{"start":{"line":12,"column":4},"end":{"line":12,"column":5}},"loc":{"start":{"line":12,"column":23},"end":{"line":23,"column":null}},"line":12},"2":{"name":"(anonymous_2)","decl":{"start":{"line":30,"column":9},"end":{"line":30,"column":23}},"loc":{"start":{"line":30,"column":84},"end":{"line":41,"column":null}},"line":30},"3":{"name":"(anonymous_3)","decl":{"start":{"line":33,"column":27},"end":{"line":33,"column":33}},"loc":{"start":{"line":33,"column":33},"end":{"line":38,"column":5}},"line":33},"4":{"name":"(anonymous_4)","decl":{"start":{"line":37,"column":53},"end":{"line":37,"column":59}},"loc":{"start":{"line":37,"column":59},"end":{"line":37,"column":61}},"line":37},"5":{"name":"(anonymous_5)","decl":{"start":{"line":43,"column":9},"end":{"line":43,"column":21}},"loc":{"start":{"line":43,"column":40},"end":{"line":49,"column":null}},"line":43},"6":{"name":"(anonymous_6)","decl":{"start":{"line":51,"column":1},"end":{"line":51,"column":9}},"loc":{"start":{"line":51,"column":80},"end":{"line":62,"column":null}},"line":51},"7":{"name":"(anonymous_7)","decl":{"start":{"line":52,"column":31},"end":{"line":52,"column":37}},"loc":{"start":{"line":52,"column":37},"end":{"line":52,"column":null}},"line":52},"8":{"name":"(anonymous_8)","decl":{"start":{"line":57,"column":9},"end":{"line":57,"column":15}},"loc":{"start":{"line":57,"column":15},"end":{"line":61,"column":null}},"line":57}},"branchMap":{"0":{"loc":{"start":{"line":10,"column":2},"end":{"line":26,"column":null}},"type":"if","locations":[{"start":{"line":10,"column":2},"end":{"line":26,"column":null}},{"start":{},"end":{}}],"line":10},"1":{"loc":{"start":{"line":15,"column":6},"end":{"line":15,"column":null}},"type":"if","locations":[{"start":{"line":15,"column":6},"end":{"line":15,"column":null}},{"start":{},"end":{}}],"line":15},"2":{"loc":{"start":{"line":17,"column":6},"end":{"line":21,"column":null}},"type":"if","locations":[{"start":{"line":17,"column":6},"end":{"line":21,"column":null}},{"start":{"line":19,"column":13},"end":{"line":21,"column":null}}],"line":17},"3":{"loc":{"start":{"line":31,"column":2},"end":{"line":31,"column":null}},"type":"if","locations":[{"start":{"line":31,"column":2},"end":{"line":31,"column":null}},{"start":{},"end":{}}],"line":31},"4":{"loc":{"start":{"line":31,"column":6},"end":{"line":31,"column":75}},"type":"binary-expr","locations":[{"start":{"line":31,"column":6},"end":{"line":31,"column":34}},{"start":{"line":31,"column":34},"end":{"line":31,"column":54}},{"start":{"line":31,"column":54},"end":{"line":31,"column":75}}],"line":31},"5":{"loc":{"start":{"line":35,"column":3},"end":{"line":35,"column":null}},"type":"if","locations":[{"start":{"line":35,"column":3},"end":{"line":35,"column":null}},{"start":{},"end":{}}],"line":35},"6":{"loc":{"start":{"line":35,"column":7},"end":{"line":35,"column":53}},"type":"binary-expr","locations":[{"start":{"line":35,"column":7},"end":{"line":35,"column":35}},{"start":{"line":35,"column":35},"end":{"line":35,"column":53}}],"line":35},"7":{"loc":{"start":{"line":45,"column":2},"end":{"line":48,"column":null}},"type":"if","locations":[{"start":{"line":45,"column":2},"end":{"line":48,"column":null}},{"start":{},"end":{}}],"line":45},"8":{"loc":{"start":{"line":52,"column":2},"end":{"line":52,"column":null}},"type":"if","locations":[{"start":{"line":52,"column":2},"end":{"line":52,"column":null}},{"start":{},"end":{}}],"line":52}},"s":{"0":0,"1":0,"2":0,"3":0,"4":0,"5":0,"6":0,"7":0,"8":0,"9":0,"10":0,"11":0,"12":0,"13":0,"14":0,"15":0,"16":0,"17":0,"18":0,"19":0,"20":0,"21":0,"22":0,"23":0,"24":0,"25":0,"26":0,"27":0,"28":0,"29":0,"30":0,"31":0,"32":0,"33":0,"34":0,"35":0},"f":{"0":0,"1":0,"2":0,"3":0,"4":0,"5":0,"6":0,"7":0,"8":0},"b":{"0":[0,0],"1":[0,0],"2":[0,0],"3":[0,0],"4":[0,0,0],"5":[0,0],"6":[0,0],"7":[0,0],"8":[0,0]},"meta":{"lastBranch":9,"lastFunction":9,"lastStatement":36,"seen":{"s:4:28:4:Infinity":0,"s:5:27:5:Infinity":1,"s:6:49:6:Infinity":2,"s:7:28:7:Infinity":3,"f:9:9:9:45":0,"b:10:2:26:Infinity:undefined:undefined:undefined:undefined":0,"s:10:2:26:Infinity":4,"s:11:3:25:Infinity":5,"f:12:4:12:5":1,"s:13:5:22:Infinity":6,"s:14:19:14:Infinity":7,"b:15:6:15:Infinity:undefined:undefined:undefined:undefined":1,"s:15:6:15:Infinity":8,"s:15:17:15:Infinity":9,"b:17:6:21:Infinity:19:13:21:Infinity":2,"s:17:6:21:Infinity":10,"s:18:7:18:Infinity":11,"s:20:7:20:Infinity":12,"s:27:2:27:Infinity":13,"f:30:9:30:23":2,"b:31:2:31:Infinity:undefined:undefined:undefined:undefined":3,"s:31:2:31:Infinity":14,"b:31:6:31:34:31:34:31:54:31:54:31:75":4,"s:31:75:31:Infinity":15,"s:33:16:38:Infinity":16,"f:33:27:33:33":3,"s:34:3:34:Infinity":17,"b:35:3:35:Infinity:undefined:undefined:undefined:undefined":5,"s:35:3:35:Infinity":18,"b:35:7:35:35:35:35:35:53":6,"s:35:53:35:Infinity":19,"s:36:3:36:Infinity":20,"s:37:3:37:Infinity":21,"f:37:53:37:59":4,"s:40:2:40:Infinity":22,"f:43:9:43:21":5,"s:44:16:44:Infinity":23,"b:45:2:48:Infinity:undefined:undefined:undefined:undefined":7,"s:45:2:48:Infinity":24,"s:46:3:46:Infinity":25,"s:47:3:47:Infinity":26,"f:51:1:51:9":6,"b:52:2:52:Infinity:undefined:undefined:undefined:undefined":8,"s:52:2:52:Infinity":27,"s:52:24:52:Infinity":28,"f:52:31:52:37":7,"s:54:2:54:Infinity":29,"s:55:2:55:Infinity":30,"s:57:2:61:Infinity":31,"f:57:9:57:15":8,"s:58:3:58:Infinity":32,"s:59:3:59:Infinity":33,"s:60:3:60:Infinity":34,"s:65:27:65:Infinity":35}}}
}
